<?xml version="1.0" encoding="UTF-8"?>
<coverage generated="1782957993610" clover="3.2.0">
  <project timestamp="1782957993610" name="All files">
    <metrics statements="87" coveredstatements="72" conditionals="23" coveredconditionals="21" methods="32" coveredmethods="25" elements="142" coveredelements="118" complexity="0" loc="87" ncloc="87" packages="5" files="13" classes="13"/>
    <package name="components">
      <metrics statements="7" coveredstatements="5" conditionals="11" coveredconditionals="10" methods="4" coveredmethods="3"/>
      <file name="ConfirmDeleteModal.jsx" path="C:\Users\Karl\OneDrive\Desktop\Mini HRMS System\frontend\src\components\ConfirmDeleteModal.jsx">
        <metrics statements="3" coveredstatements="1" conditionals="0" coveredconditionals="0" methods="2" coveredmethods="1"/>
        <line num="6" count="1" type="stmt"/>
        <line num="19" count="0" type="stmt"/>
        <line num="20" count="0" type="stmt"/>
      </file>
      <file name="EmployeeModal.jsx" path="C:\Users\Karl\OneDrive\Desktop\Mini HRMS System\frontend\src\components\EmployeeModal.jsx">
        <metrics statements="1" coveredstatements="1" conditionals="4" coveredconditionals="4" methods="1" coveredmethods="1"/>
        <line num="8" count="70" type="stmt"/>
      </file>
      <file name="StatItem.jsx" path="C:\Users\Karl\OneDrive\Desktop\Mini HRMS System\frontend\src\components\StatItem.jsx">
        <metrics statements="3" coveredstatements="3" conditionals="7" coveredconditionals="6" methods="1" coveredmethods="1"/>
        <line num="4" count="8" type="cond" truecount="3" falsecount="0"/>
        <line num="6" count="8" type="cond" truecount="1" falsecount="1"/>
        <line num="12" count="8" type="stmt"/>
      </file>
    </package>
    <package name="helpers">
      <metrics statements="3" coveredstatements="3" conditionals="0" coveredconditionals="0" methods="2" coveredmethods="2"/>
      <file name="formatCurrency.js" path="C:\Users\Karl\OneDrive\Desktop\Mini HRMS System\frontend\src\helpers\formatCurrency.js">
        <metrics statements="1" coveredstatements="1" conditionals="0" coveredconditionals="0" methods="1" coveredmethods="1"/>
        <line num="2" count="2" type="stmt"/>
      </file>
      <file name="formatDate.js" path="C:\Users\Karl\OneDrive\Desktop\Mini HRMS System\frontend\src\helpers\formatDate.js">
        <metrics statements="2" coveredstatements="2" conditionals="0" coveredconditionals="0" methods="1" coveredmethods="1"/>
        <line num="2" count="110" type="stmt"/>
        <line num="4" count="110" type="stmt"/>
      </file>
    </package>
    <package name="pages">
      <metrics statements="60" coveredstatements="56" conditionals="12" coveredconditionals="11" methods="20" coveredmethods="20"/>
      <file name="Dashboard.jsx" path="C:\Users\Karl\OneDrive\Desktop\Mini HRMS System\frontend\src\pages\Dashboard.jsx">
        <metrics statements="9" coveredstatements="8" conditionals="0" coveredconditionals="0" methods="4" coveredmethods="4"/>
        <line num="5" count="4" type="stmt"/>
        <line num="7" count="4" type="stmt"/>
        <line num="9" count="2" type="stmt"/>
        <line num="10" count="2" type="stmt"/>
        <line num="12" count="2" type="stmt"/>
        <line num="14" count="0" type="stmt"/>
        <line num="18" count="2" type="stmt"/>
        <line num="21" count="4" type="stmt"/>
        <line num="33" count="8" type="stmt"/>
      </file>
      <file name="Employees.jsx" path="C:\Users\Karl\OneDrive\Desktop\Mini HRMS System\frontend\src\pages\Employees.jsx">
        <metrics statements="41" coveredstatements="38" conditionals="8" coveredconditionals="8" methods="13" coveredmethods="13"/>
        <line num="14" count="93" type="stmt"/>
        <line num="15" count="93" type="stmt"/>
        <line num="16" count="93" type="stmt"/>
        <line num="17" count="93" type="stmt"/>
        <line num="18" count="93" type="stmt"/>
        <line num="19" count="93" type="stmt"/>
        <line num="31" count="93" type="stmt"/>
        <line num="32" count="9" type="stmt"/>
        <line num="36" count="12" type="stmt"/>
        <line num="37" count="12" type="stmt"/>
        <line num="39" count="12" type="stmt"/>
        <line num="41" count="0" type="stmt"/>
        <line num="46" count="65" type="stmt"/>
        <line num="53" count="2" type="stmt"/>
        <line num="55" count="2" type="stmt"/>
        <line num="56" count="2" type="cond" truecount="2" falsecount="0"/>
        <line num="57" count="1" type="stmt"/>
        <line num="59" count="1" type="stmt"/>
        <line num="62" count="2" type="stmt"/>
        <line num="64" count="2" type="stmt"/>
        <line num="66" count="2" type="stmt"/>
        <line num="77" count="0" type="stmt"/>
        <line num="82" count="2" type="stmt"/>
        <line num="84" count="2" type="stmt"/>
        <line num="94" count="2" type="stmt"/>
        <line num="98" count="1" type="stmt"/>
        <line num="99" count="1" type="stmt"/>
        <line num="101" count="1" type="stmt"/>
        <line num="114" count="1" type="stmt"/>
        <line num="115" count="1" type="stmt"/>
        <line num="119" count="1" type="stmt"/>
        <line num="120" count="1" type="stmt"/>
        <line num="122" count="1" type="stmt"/>
        <line num="124" count="1" type="stmt"/>
        <line num="125" count="1" type="stmt"/>
        <line num="127" count="0" type="stmt"/>
        <line num="131" count="93" type="stmt"/>
        <line num="164" count="3" type="stmt"/>
        <line num="209" count="110" type="stmt"/>
        <line num="244" count="2" type="stmt"/>
        <line num="252" count="1" type="stmt"/>
      </file>
      <file name="Login.jsx" path="C:\Users\Karl\OneDrive\Desktop\Mini HRMS System\frontend\src\pages\Login.jsx">
        <metrics statements="10" coveredstatements="10" conditionals="4" coveredconditionals="3" methods="3" coveredmethods="3"/>
        <line num="6" count="54" type="stmt"/>
        <line num="8" count="54" type="stmt"/>
        <line num="13" count="54" type="stmt"/>
        <line num="16" count="50" type="stmt"/>
        <line num="23" count="2" type="stmt"/>
        <line num="25" count="2" type="stmt"/>
        <line num="26" count="2" type="stmt"/>
        <line num="28" count="1" type="stmt"/>
        <line num="30" count="1" type="cond" truecount="1" falsecount="1"/>
        <line num="34" count="54" type="stmt"/>
      </file>
    </package>
    <package name="services">
      <metrics statements="12" coveredstatements="3" conditionals="0" coveredconditionals="0" methods="6" coveredmethods="0"/>
      <file name="dashboardServices.js" path="C:\Users\Karl\OneDrive\Desktop\Mini HRMS System\frontend\src\services\dashboardServices.js">
        <metrics statements="3" coveredstatements="1" conditionals="0" coveredconditionals="0" methods="1" coveredmethods="0"/>
        <line num="3" count="1" type="stmt"/>
        <line num="6" count="0" type="stmt"/>
        <line num="7" count="0" type="stmt"/>
      </file>
      <file name="employeeServices.js" path="C:\Users\Karl\OneDrive\Desktop\Mini HRMS System\frontend\src\services\employeeServices.js">
        <metrics statements="6" coveredstatements="1" conditionals="0" coveredconditionals="0" methods="4" coveredmethods="0"/>
        <line num="3" count="1" type="stmt"/>
        <line num="6" count="0" type="stmt"/>
        <line num="7" count="0" type="stmt"/>
        <line num="11" count="0" type="stmt"/>
        <line num="15" count="0" type="stmt"/>
        <line num="19" count="0" type="stmt"/>
      </file>
      <file name="loginServices.js" path="C:\Users\Karl\OneDrive\Desktop\Mini HRMS System\frontend\src\services\loginServices.js">
        <metrics statements="3" coveredstatements="1" conditionals="0" coveredconditionals="0" methods="1" coveredmethods="0"/>
        <line num="3" count="1" type="stmt"/>
        <line num="6" count="0" type="stmt"/>
        <line num="7" count="0" type="stmt"/>
      </file>
    </package>
    <package name="test.mocks">
      <metrics statements="5" coveredstatements="5" conditionals="0" coveredconditionals="0" methods="0" coveredmethods="0"/>
      <file name="dashboardData.js" path="C:\Users\Karl\OneDrive\Desktop\Mini HRMS System\frontend\src\test\mocks\dashboardData.js">
        <metrics statements="1" coveredstatements="1" conditionals="0" coveredconditionals="0" methods="0" coveredmethods="0"/>
        <line num="1" count="1" type="stmt"/>
      </file>
      <file name="employeesData.js" path="C:\Users\Karl\OneDrive\Desktop\Mini HRMS System\frontend\src\test\mocks\employeesData.js">
        <metrics statements="4" coveredstatements="4" conditionals="0" coveredconditionals="0" methods="0" coveredmethods="0"/>
        <line num="1" count="1" type="stmt"/>
        <line num="59" count="1" type="stmt"/>
        <line num="106" count="1" type="stmt"/>
        <line num="108" count="1" type="stmt"/>
      </file>
    </package>
  </project>
</coverage>
