{"C:\\Users\\Karl\\OneDrive\\Desktop\\Mini HRMS System\\frontend\\src\\components\\ConfirmDeleteModal.jsx": {"path":"C:\\Users\\Karl\\OneDrive\\Desktop\\Mini HRMS System\\frontend\\src\\components\\ConfirmDeleteModal.jsx","statementMap":{"0":{"start":{"line":6,"column":2},"end":{"line":36,"column":null}},"1":{"start":{"line":19,"column":14},"end":{"line":19,"column":null}},"2":{"start":{"line":20,"column":14},"end":{"line":20,"column":null}}},"fnMap":{"0":{"name":"ConfirmDeleteModal","decl":{"start":{"line":1,"column":9},"end":{"line":1,"column":28}},"loc":{"start":{"line":5,"column":3},"end":{"line":38,"column":null}},"line":5},"1":{"name":"(anonymous_1)","decl":{"start":{"line":18,"column":12},"end":{"line":18,"column":27}},"loc":{"start":{"line":18,"column":27},"end":{"line":21,"column":null}},"line":18}},"branchMap":{},"s":{"0":1,"1":0,"2":0},"f":{"0":1,"1":0},"b":{},"meta":{"lastBranch":0,"lastFunction":2,"lastStatement":3,"seen":{"f:1:9:1:28":0,"s:6:2:36:Infinity":0,"f:18:12:18:27":1,"s:19:14:19:Infinity":1,"s:20:14:20:Infinity":2},"fnNames":{}}}
,"C:\\Users\\Karl\\OneDrive\\Desktop\\Mini HRMS System\\frontend\\src\\components\\EmployeeModal.jsx": {"path":"C:\\Users\\Karl\\OneDrive\\Desktop\\Mini HRMS System\\frontend\\src\\components\\EmployeeModal.jsx","statementMap":{"0":{"start":{"line":8,"column":2},"end":{"line":105,"column":null}}},"fnMap":{"0":{"name":"EmployeeModal","decl":{"start":{"line":1,"column":9},"end":{"line":1,"column":23}},"loc":{"start":{"line":7,"column":3},"end":{"line":107,"column":null}},"line":7}},"branchMap":{"0":{"loc":{"start":{"line":12,"column":11},"end":{"line":12,"column":null}},"type":"cond-expr","locations":[{"start":{"line":12,"column":23},"end":{"line":12,"column":41}},{"start":{"line":12,"column":41},"end":{"line":12,"column":null}}],"line":12},"1":{"loc":{"start":{"line":100,"column":15},"end":{"line":100,"column":null}},"type":"cond-expr","locations":[{"start":{"line":100,"column":27},"end":{"line":100,"column":38}},{"start":{"line":100,"column":38},"end":{"line":100,"column":null}}],"line":100}},"s":{"0":70},"f":{"0":70},"b":{"0":[14,56],"1":[14,56]},"meta":{"lastBranch":2,"lastFunction":1,"lastStatement":1,"seen":{"f:1:9:1:23":0,"s:8:2:105:Infinity":0,"b:12:23:12:41:12:41:12:Infinity":0,"b:100:27:100:38:100:38:100:Infinity":1},"fnNames":{}}}
,"C:\\Users\\Karl\\OneDrive\\Desktop\\Mini HRMS System\\frontend\\src\\components\\StatItem.jsx": {"path":"C:\\Users\\Karl\\OneDrive\\Desktop\\Mini HRMS System\\frontend\\src\\components\\StatItem.jsx","statementMap":{"0":{"start":{"line":4,"column":19},"end":{"line":4,"column":null}},"1":{"start":{"line":6,"column":23},"end":{"line":10,"column":null}},"2":{"start":{"line":12,"column":2},"end":{"line":17,"column":null}}},"fnMap":{"0":{"name":"StatItem","decl":{"start":{"line":3,"column":16},"end":{"line":3,"column":25}},"loc":{"start":{"line":3,"column":55},"end":{"line":19,"column":null}},"line":3}},"branchMap":{"0":{"loc":{"start":{"line":4,"column":19},"end":{"line":4,"column":null}},"type":"binary-expr","locations":[{"start":{"line":4,"column":19},"end":{"line":4,"column":37}},{"start":{"line":4,"column":37},"end":{"line":4,"column":60}},{"start":{"line":4,"column":60},"end":{"line":4,"column":null}}],"line":4},"1":{"loc":{"start":{"line":6,"column":23},"end":{"line":10,"column":null}},"type":"cond-expr","locations":[{"start":{"line":7,"column":6},"end":{"line":9,"column":null}},{"start":{"line":10,"column":6},"end":{"line":10,"column":null}}],"line":6},"2":{"loc":{"start":{"line":7,"column":6},"end":{"line":9,"column":null}},"type":"cond-expr","locations":[{"start":{"line":7,"column":15},"end":{"line":8,"column":null}},{"start":{"line":9,"column":8},"end":{"line":9,"column":null}}],"line":7}},"s":{"0":8,"1":8,"2":8},"f":{"0":8},"b":{"0":[8,8,8],"1":[8,0],"2":[2,6]},"meta":{"lastBranch":3,"lastFunction":1,"lastStatement":3,"seen":{"f:3:16:3:25":0,"s:4:19:4:Infinity":0,"b:4:19:4:37:4:37:4:60:4:60:4:Infinity":0,"s:6:23:10:Infinity":1,"b:7:6:9:Infinity:10:6:10:Infinity":1,"b:7:15:8:Infinity:9:8:9:Infinity":2,"s:12:2:17:Infinity":2},"fnNames":{}}}
,"C:\\Users\\Karl\\OneDrive\\Desktop\\Mini HRMS System\\frontend\\src\\helpers\\formatCurrency.js": {"path":"C:\\Users\\Karl\\OneDrive\\Desktop\\Mini HRMS System\\frontend\\src\\helpers\\formatCurrency.js","statementMap":{"0":{"start":{"line":2,"column":2},"end":{"line":7,"column":null}}},"fnMap":{"0":{"name":"formatCurrency","decl":{"start":{"line":1,"column":16},"end":{"line":1,"column":31}},"loc":{"start":{"line":1,"column":39},"end":{"line":8,"column":null}},"line":1}},"branchMap":{},"s":{"0":2},"f":{"0":2},"b":{},"meta":{"lastBranch":0,"lastFunction":1,"lastStatement":1,"seen":{"f:1:16:1:31":0,"s:2:2:7:Infinity":0},"fnNames":{}}}
,"C:\\Users\\Karl\\OneDrive\\Desktop\\Mini HRMS System\\frontend\\src\\helpers\\formatDate.js": {"path":"C:\\Users\\Karl\\OneDrive\\Desktop\\Mini HRMS System\\frontend\\src\\helpers\\formatDate.js","statementMap":{"0":{"start":{"line":2,"column":15},"end":{"line":2,"column":null}},"1":{"start":{"line":4,"column":2},"end":{"line":8,"column":null}}},"fnMap":{"0":{"name":"formatDate","decl":{"start":{"line":1,"column":16},"end":{"line":1,"column":27}},"loc":{"start":{"line":1,"column":39},"end":{"line":9,"column":null}},"line":1}},"branchMap":{},"s":{"0":110,"1":110},"f":{"0":110},"b":{},"meta":{"lastBranch":0,"lastFunction":1,"lastStatement":2,"seen":{"f:1:16:1:27":0,"s:2:15:2:Infinity":0,"s:4:2:8:Infinity":1},"fnNames":{}}}
,"C:\\Users\\Karl\\OneDrive\\Desktop\\Mini HRMS System\\frontend\\src\\pages\\Dashboard.jsx": {"path":"C:\\Users\\Karl\\OneDrive\\Desktop\\Mini HRMS System\\frontend\\src\\pages\\Dashboard.jsx","statementMap":{"0":{"start":{"line":5,"column":16},"end":{"line":5,"column":null}},"1":{"start":{"line":7,"column":2},"end":{"line":19,"column":null}},"2":{"start":{"line":9,"column":6},"end":{"line":15,"column":null}},"3":{"start":{"line":10,"column":21},"end":{"line":10,"column":null}},"4":{"start":{"line":12,"column":8},"end":{"line":12,"column":null}},"5":{"start":{"line":14,"column":8},"end":{"line":14,"column":null}},"6":{"start":{"line":18,"column":4},"end":{"line":18,"column":null}},"7":{"start":{"line":21,"column":2},"end":{"line":42,"column":null}},"8":{"start":{"line":33,"column":10},"end":{"line":39,"column":null}}},"fnMap":{"0":{"name":"Dashboard","decl":{"start":{"line":4,"column":9},"end":{"line":4,"column":21}},"loc":{"start":{"line":4,"column":21},"end":{"line":44,"column":null}},"line":4},"1":{"name":"(anonymous_1)","decl":{"start":{"line":7,"column":2},"end":{"line":7,"column":18}},"loc":{"start":{"line":7,"column":18},"end":{"line":19,"column":5}},"line":7},"2":{"name":"fetchDashboardStats","decl":{"start":{"line":8,"column":19},"end":{"line":8,"column":41}},"loc":{"start":{"line":8,"column":41},"end":{"line":16,"column":null}},"line":8},"3":{"name":"(anonymous_3)","decl":{"start":{"line":32,"column":15},"end":{"line":32,"column":20}},"loc":{"start":{"line":33,"column":10},"end":{"line":39,"column":null}},"line":33}},"branchMap":{},"s":{"0":4,"1":4,"2":2,"3":2,"4":2,"5":0,"6":2,"7":4,"8":8},"f":{"0":4,"1":2,"2":2,"3":8},"b":{},"meta":{"lastBranch":0,"lastFunction":4,"lastStatement":9,"seen":{"f:4:9:4:21":0,"s:5:16:5:Infinity":0,"s:7:2:19:Infinity":1,"f:7:2:7:18":1,"f:8:19:8:41":2,"s:9:6:15:Infinity":2,"s:10:21:10:Infinity":3,"s:12:8:12:Infinity":4,"s:14:8:14:Infinity":5,"s:18:4:18:Infinity":6,"s:21:2:42:Infinity":7,"f:32:15:32:20":3,"s:33:10:39:Infinity":8},"fnNames":{}}}
,"C:\\Users\\Karl\\OneDrive\\Desktop\\Mini HRMS System\\frontend\\src\\pages\\Employees.jsx": {"path":"C:\\Users\\Karl\\OneDrive\\Desktop\\Mini HRMS System\\frontend\\src\\pages\\Employees.jsx","statementMap":{"0":{"start":{"line":14,"column":26},"end":{"line":14,"column":null}},"1":{"start":{"line":15,"column":27},"end":{"line":15,"column":null}},"2":{"start":{"line":16,"column":20},"end":{"line":16,"column":null}},"3":{"start":{"line":17,"column":20},"end":{"line":17,"column":null}},"4":{"start":{"line":18,"column":20},"end":{"line":18,"column":null}},"5":{"start":{"line":19,"column":19},"end":{"line":28,"column":null}},"6":{"start":{"line":31,"column":2},"end":{"line":33,"column":null}},"7":{"start":{"line":32,"column":4},"end":{"line":32,"column":null}},"8":{"start":{"line":36,"column":4},"end":{"line":42,"column":null}},"9":{"start":{"line":37,"column":19},"end":{"line":37,"column":null}},"10":{"start":{"line":39,"column":6},"end":{"line":39,"column":null}},"11":{"start":{"line":41,"column":6},"end":{"line":41,"column":null}},"12":{"start":{"line":46,"column":4},"end":{"line":49,"column":null}},"13":{"start":{"line":53,"column":4},"end":{"line":53,"column":null}},"14":{"start":{"line":55,"column":4},"end":{"line":78,"column":null}},"15":{"start":{"line":56,"column":6},"end":{"line":60,"column":null}},"16":{"start":{"line":57,"column":8},"end":{"line":57,"column":null}},"17":{"start":{"line":59,"column":8},"end":{"line":59,"column":null}},"18":{"start":{"line":62,"column":6},"end":{"line":62,"column":null}},"19":{"start":{"line":64,"column":6},"end":{"line":64,"column":null}},"20":{"start":{"line":66,"column":6},"end":{"line":75,"column":null}},"21":{"start":{"line":77,"column":6},"end":{"line":77,"column":null}},"22":{"start":{"line":82,"column":4},"end":{"line":82,"column":null}},"23":{"start":{"line":84,"column":4},"end":{"line":93,"column":null}},"24":{"start":{"line":94,"column":4},"end":{"line":94,"column":null}},"25":{"start":{"line":98,"column":4},"end":{"line":98,"column":null}},"26":{"start":{"line":99,"column":4},"end":{"line":99,"column":null}},"27":{"start":{"line":101,"column":4},"end":{"line":110,"column":null}},"28":{"start":{"line":114,"column":4},"end":{"line":114,"column":null}},"29":{"start":{"line":115,"column":4},"end":{"line":115,"column":null}},"30":{"start":{"line":119,"column":4},"end":{"line":128,"column":null}},"31":{"start":{"line":120,"column":6},"end":{"line":120,"column":null}},"32":{"start":{"line":122,"column":6},"end":{"line":122,"column":null}},"33":{"start":{"line":124,"column":6},"end":{"line":124,"column":null}},"34":{"start":{"line":125,"column":6},"end":{"line":125,"column":null}},"35":{"start":{"line":127,"column":6},"end":{"line":127,"column":null}},"36":{"start":{"line":131,"column":2},"end":{"line":275,"column":null}},"37":{"start":{"line":164,"column":25},"end":{"line":164,"column":null}},"38":{"start":{"line":209,"column":18},"end":{"line":259,"column":null}},"39":{"start":{"line":244,"column":41},"end":{"line":244,"column":null}},"40":{"start":{"line":252,"column":41},"end":{"line":252,"column":null}}},"fnMap":{"0":{"name":"Employees","decl":{"start":{"line":13,"column":9},"end":{"line":13,"column":21}},"loc":{"start":{"line":13,"column":21},"end":{"line":277,"column":null}},"line":13},"1":{"name":"(anonymous_1)","decl":{"start":{"line":31,"column":2},"end":{"line":31,"column":18}},"loc":{"start":{"line":31,"column":18},"end":{"line":33,"column":5}},"line":31},"2":{"name":"fetchEmployees","decl":{"start":{"line":35,"column":17},"end":{"line":35,"column":34}},"loc":{"start":{"line":35,"column":34},"end":{"line":43,"column":null}},"line":35},"3":{"name":"handleChange","decl":{"start":{"line":45,"column":11},"end":{"line":45,"column":24}},"loc":{"start":{"line":45,"column":27},"end":{"line":50,"column":null}},"line":45},"4":{"name":"handleSubmit","decl":{"start":{"line":52,"column":17},"end":{"line":52,"column":30}},"loc":{"start":{"line":52,"column":33},"end":{"line":79,"column":null}},"line":52},"5":{"name":"handleEdit","decl":{"start":{"line":81,"column":11},"end":{"line":81,"column":22}},"loc":{"start":{"line":81,"column":32},"end":{"line":95,"column":null}},"line":81},"6":{"name":"handleCloseModal","decl":{"start":{"line":97,"column":11},"end":{"line":97,"column":30}},"loc":{"start":{"line":97,"column":30},"end":{"line":111,"column":null}},"line":97},"7":{"name":"deleteEmployee","decl":{"start":{"line":113,"column":11},"end":{"line":113,"column":26}},"loc":{"start":{"line":113,"column":36},"end":{"line":116,"column":null}},"line":113},"8":{"name":"confirmDelete","decl":{"start":{"line":118,"column":17},"end":{"line":118,"column":33}},"loc":{"start":{"line":118,"column":33},"end":{"line":129,"column":null}},"line":118},"9":{"name":"(anonymous_9)","decl":{"start":{"line":164,"column":10},"end":{"line":164,"column":25}},"loc":{"start":{"line":164,"column":25},"end":{"line":164,"column":null}},"line":164},"10":{"name":"(anonymous_10)","decl":{"start":{"line":208,"column":26},"end":{"line":208,"column":31}},"loc":{"start":{"line":209,"column":18},"end":{"line":259,"column":null}},"line":209},"11":{"name":"(anonymous_11)","decl":{"start":{"line":244,"column":26},"end":{"line":244,"column":41}},"loc":{"start":{"line":244,"column":41},"end":{"line":244,"column":null}},"line":244},"12":{"name":"(anonymous_12)","decl":{"start":{"line":252,"column":26},"end":{"line":252,"column":41}},"loc":{"start":{"line":252,"column":41},"end":{"line":252,"column":null}},"line":252}},"branchMap":{"0":{"loc":{"start":{"line":56,"column":6},"end":{"line":60,"column":null}},"type":"if","locations":[{"start":{"line":56,"column":6},"end":{"line":60,"column":null}},{"start":{"line":58,"column":13},"end":{"line":60,"column":null}}],"line":56},"1":{"loc":{"start":{"line":134,"column":7},"end":{"line":141,"column":null}},"type":"binary-expr","locations":[{"start":{"line":134,"column":7},"end":{"line":134,"column":null}},{"start":{"line":135,"column":8},"end":{"line":141,"column":null}}],"line":134},"2":{"loc":{"start":{"line":145,"column":7},"end":{"line":150,"column":null}},"type":"binary-expr","locations":[{"start":{"line":145,"column":7},"end":{"line":145,"column":null}},{"start":{"line":146,"column":8},"end":{"line":150,"column":null}}],"line":145},"3":{"loc":{"start":{"line":207,"column":15},"end":{"line":271,"column":null}},"type":"cond-expr","locations":[{"start":{"line":208,"column":16},"end":{"line":260,"column":null}},{"start":{"line":262,"column":16},"end":{"line":271,"column":null}}],"line":207}},"s":{"0":93,"1":93,"2":93,"3":93,"4":93,"5":93,"6":93,"7":9,"8":12,"9":12,"10":12,"11":0,"12":65,"13":2,"14":2,"15":2,"16":1,"17":1,"18":2,"19":2,"20":2,"21":0,"22":2,"23":2,"24":2,"25":1,"26":1,"27":1,"28":1,"29":1,"30":1,"31":1,"32":1,"33":1,"34":1,"35":0,"36":93,"37":3,"38":110,"39":2,"40":1},"f":{"0":93,"1":9,"2":12,"3":65,"4":2,"5":2,"6":1,"7":1,"8":1,"9":3,"10":110,"11":2,"12":1},"b":{"0":[1,1],"1":[93,70],"2":[93,1],"3":[23,70]},"meta":{"lastBranch":4,"lastFunction":13,"lastStatement":41,"seen":{"f:13:9:13:21":0,"s:14:26:14:Infinity":0,"s:15:27:15:Infinity":1,"s:16:20:16:Infinity":2,"s:17:20:17:Infinity":3,"s:18:20:18:Infinity":4,"s:19:19:28:Infinity":5,"s:31:2:33:Infinity":6,"f:31:2:31:18":1,"s:32:4:32:Infinity":7,"f:35:17:35:34":2,"s:36:4:42:Infinity":8,"s:37:19:37:Infinity":9,"s:39:6:39:Infinity":10,"s:41:6:41:Infinity":11,"f:45:11:45:24":3,"s:46:4:49:Infinity":12,"f:52:17:52:30":4,"s:53:4:53:Infinity":13,"s:55:4:78:Infinity":14,"b:56:6:60:Infinity:58:13:60:Infinity":0,"s:56:6:60:Infinity":15,"s:57:8:57:Infinity":16,"s:59:8:59:Infinity":17,"s:62:6:62:Infinity":18,"s:64:6:64:Infinity":19,"s:66:6:75:Infinity":20,"s:77:6:77:Infinity":21,"f:81:11:81:22":5,"s:82:4:82:Infinity":22,"s:84:4:93:Infinity":23,"s:94:4:94:Infinity":24,"f:97:11:97:30":6,"s:98:4:98:Infinity":25,"s:99:4:99:Infinity":26,"s:101:4:110:Infinity":27,"f:113:11:113:26":7,"s:114:4:114:Infinity":28,"s:115:4:115:Infinity":29,"f:118:17:118:33":8,"s:119:4:128:Infinity":30,"s:120:6:120:Infinity":31,"s:122:6:122:Infinity":32,"s:124:6:124:Infinity":33,"s:125:6:125:Infinity":34,"s:127:6:127:Infinity":35,"s:131:2:275:Infinity":36,"b:134:7:134:Infinity:135:8:141:Infinity":1,"b:145:7:145:Infinity:146:8:150:Infinity":2,"f:164:10:164:25":9,"s:164:25:164:Infinity":37,"b:208:16:260:Infinity:262:16:271:Infinity":3,"f:208:26:208:31":10,"s:209:18:259:Infinity":38,"f:244:26:244:41":11,"s:244:41:244:Infinity":39,"f:252:26:252:41":12,"s:252:41:252:Infinity":40},"fnNames":{}}}
,"C:\\Users\\Karl\\OneDrive\\Desktop\\Mini HRMS System\\frontend\\src\\pages\\Login.jsx": {"path":"C:\\Users\\Karl\\OneDrive\\Desktop\\Mini HRMS System\\frontend\\src\\pages\\Login.jsx","statementMap":{"0":{"start":{"line":6,"column":8},"end":{"line":6,"column":null}},"1":{"start":{"line":8,"column":19},"end":{"line":11,"column":null}},"2":{"start":{"line":13,"column":16},"end":{"line":13,"column":null}},"3":{"start":{"line":16,"column":4},"end":{"line":19,"column":null}},"4":{"start":{"line":23,"column":4},"end":{"line":23,"column":null}},"5":{"start":{"line":25,"column":4},"end":{"line":31,"column":null}},"6":{"start":{"line":26,"column":6},"end":{"line":26,"column":null}},"7":{"start":{"line":28,"column":6},"end":{"line":28,"column":null}},"8":{"start":{"line":30,"column":6},"end":{"line":30,"column":null}},"9":{"start":{"line":34,"column":2},"end":{"line":114,"column":null}}},"fnMap":{"0":{"name":"Login","decl":{"start":{"line":5,"column":9},"end":{"line":5,"column":17}},"loc":{"start":{"line":5,"column":17},"end":{"line":116,"column":null}},"line":5},"1":{"name":"handleChange","decl":{"start":{"line":15,"column":11},"end":{"line":15,"column":24}},"loc":{"start":{"line":15,"column":27},"end":{"line":20,"column":null}},"line":15},"2":{"name":"handleSubmit","decl":{"start":{"line":22,"column":17},"end":{"line":22,"column":30}},"loc":{"start":{"line":22,"column":33},"end":{"line":32,"column":null}},"line":22}},"branchMap":{"0":{"loc":{"start":{"line":30,"column":15},"end":{"line":30,"column":62}},"type":"binary-expr","locations":[{"start":{"line":30,"column":15},"end":{"line":30,"column":48}},{"start":{"line":30,"column":48},"end":{"line":30,"column":62}}],"line":30},"1":{"loc":{"start":{"line":72,"column":11},"end":{"line":78,"column":null}},"type":"binary-expr","locations":[{"start":{"line":72,"column":11},"end":{"line":72,"column":null}},{"start":{"line":73,"column":12},"end":{"line":78,"column":null}}],"line":72}},"s":{"0":54,"1":54,"2":54,"3":50,"4":2,"5":2,"6":2,"7":1,"8":1,"9":54},"f":{"0":54,"1":50,"2":2},"b":{"0":[1,0],"1":[54,1]},"meta":{"lastBranch":2,"lastFunction":3,"lastStatement":10,"seen":{"f:5:9:5:17":0,"s:6:8:6:Infinity":0,"s:8:19:11:Infinity":1,"s:13:16:13:Infinity":2,"f:15:11:15:24":1,"s:16:4:19:Infinity":3,"f:22:17:22:30":2,"s:23:4:23:Infinity":4,"s:25:4:31:Infinity":5,"s:26:6:26:Infinity":6,"s:28:6:28:Infinity":7,"s:30:6:30:Infinity":8,"b:30:15:30:48:30:48:30:62":0,"s:34:2:114:Infinity":9,"b:72:11:72:Infinity:73:12:78:Infinity":1},"fnNames":{}}}
,"C:\\Users\\Karl\\OneDrive\\Desktop\\Mini HRMS System\\frontend\\src\\services\\dashboardServices.js": {"path":"C:\\Users\\Karl\\OneDrive\\Desktop\\Mini HRMS System\\frontend\\src\\services\\dashboardServices.js","statementMap":{"0":{"start":{"line":3,"column":16},"end":{"line":3,"column":null}},"1":{"start":{"line":6,"column":19},"end":{"line":6,"column":null}},"2":{"start":{"line":7,"column":2},"end":{"line":7,"column":null}}},"fnMap":{"0":{"name":"getDashboardStats","decl":{"start":{"line":5,"column":22},"end":{"line":5,"column":42}},"loc":{"start":{"line":5,"column":42},"end":{"line":8,"column":null}},"line":5}},"branchMap":{},"s":{"0":1,"1":0,"2":0},"f":{"0":0},"b":{},"meta":{"lastBranch":0,"lastFunction":1,"lastStatement":3,"seen":{"s:3:16:3:Infinity":0,"f:5:22:5:42":0,"s:6:19:6:Infinity":1,"s:7:2:7:Infinity":2},"fnNames":{}}}
,"C:\\Users\\Karl\\OneDrive\\Desktop\\Mini HRMS System\\frontend\\src\\services\\employeeServices.js": {"path":"C:\\Users\\Karl\\OneDrive\\Desktop\\Mini HRMS System\\frontend\\src\\services\\employeeServices.js","statementMap":{"0":{"start":{"line":3,"column":16},"end":{"line":3,"column":null}},"1":{"start":{"line":6,"column":19},"end":{"line":6,"column":null}},"2":{"start":{"line":7,"column":2},"end":{"line":7,"column":null}},"3":{"start":{"line":11,"column":2},"end":{"line":11,"column":null}},"4":{"start":{"line":15,"column":2},"end":{"line":15,"column":null}},"5":{"start":{"line":19,"column":2},"end":{"line":19,"column":null}}},"fnMap":{"0":{"name":"getEmployees","decl":{"start":{"line":5,"column":22},"end":{"line":5,"column":37}},"loc":{"start":{"line":5,"column":37},"end":{"line":8,"column":null}},"line":5},"1":{"name":"createEmployee","decl":{"start":{"line":10,"column":22},"end":{"line":10,"column":37}},"loc":{"start":{"line":10,"column":51},"end":{"line":12,"column":null}},"line":10},"2":{"name":"updateEmployee","decl":{"start":{"line":14,"column":22},"end":{"line":14,"column":37}},"loc":{"start":{"line":14,"column":62},"end":{"line":16,"column":null}},"line":14},"3":{"name":"removeEmployee","decl":{"start":{"line":18,"column":22},"end":{"line":18,"column":37}},"loc":{"start":{"line":18,"column":41},"end":{"line":20,"column":null}},"line":18}},"branchMap":{},"s":{"0":1,"1":0,"2":0,"3":0,"4":0,"5":0},"f":{"0":0,"1":0,"2":0,"3":0},"b":{},"meta":{"lastBranch":0,"lastFunction":4,"lastStatement":6,"seen":{"s:3:16:3:Infinity":0,"f:5:22:5:37":0,"s:6:19:6:Infinity":1,"s:7:2:7:Infinity":2,"f:10:22:10:37":1,"s:11:2:11:Infinity":3,"f:14:22:14:37":2,"s:15:2:15:Infinity":4,"f:18:22:18:37":3,"s:19:2:19:Infinity":5},"fnNames":{}}}
,"C:\\Users\\Karl\\OneDrive\\Desktop\\Mini HRMS System\\frontend\\src\\services\\loginServices.js": {"path":"C:\\Users\\Karl\\OneDrive\\Desktop\\Mini HRMS System\\frontend\\src\\services\\loginServices.js","statementMap":{"0":{"start":{"line":3,"column":16},"end":{"line":3,"column":null}},"1":{"start":{"line":6,"column":19},"end":{"line":6,"column":null}},"2":{"start":{"line":7,"column":2},"end":{"line":7,"column":null}}},"fnMap":{"0":{"name":"loginUser","decl":{"start":{"line":5,"column":22},"end":{"line":5,"column":32}},"loc":{"start":{"line":5,"column":42},"end":{"line":8,"column":null}},"line":5}},"branchMap":{},"s":{"0":1,"1":0,"2":0},"f":{"0":0},"b":{},"meta":{"lastBranch":0,"lastFunction":1,"lastStatement":3,"seen":{"s:3:16:3:Infinity":0,"f:5:22:5:32":0,"s:6:19:6:Infinity":1,"s:7:2:7:Infinity":2},"fnNames":{}}}
,"C:\\Users\\Karl\\OneDrive\\Desktop\\Mini HRMS System\\frontend\\src\\test\\mocks\\dashboardData.js": {"path":"C:\\Users\\Karl\\OneDrive\\Desktop\\Mini HRMS System\\frontend\\src\\test\\mocks\\dashboardData.js","statementMap":{"0":{"start":{"line":1,"column":34},"end":{"line":26,"column":null}}},"fnMap":{},"branchMap":{},"s":{"0":1},"f":{},"b":{},"meta":{"lastBranch":0,"lastFunction":0,"lastStatement":1,"seen":{"s:1:34:26:Infinity":0},"fnNames":{}}}
,"C:\\Users\\Karl\\OneDrive\\Desktop\\Mini HRMS System\\frontend\\src\\test\\mocks\\employeesData.js": {"path":"C:\\Users\\Karl\\OneDrive\\Desktop\\Mini HRMS System\\frontend\\src\\test\\mocks\\employeesData.js","statementMap":{"0":{"start":{"line":1,"column":29},"end":{"line":57,"column":null}},"1":{"start":{"line":59,"column":40},"end":{"line":104,"column":null}},"2":{"start":{"line":106,"column":31},"end":{"line":106,"column":null}},"3":{"start":{"line":108,"column":31},"end":{"line":118,"column":null}}},"fnMap":{},"branchMap":{},"s":{"0":1,"1":1,"2":1,"3":1},"f":{},"b":{},"meta":{"lastBranch":0,"lastFunction":0,"lastStatement":4,"seen":{"s:1:29:57:Infinity":0,"s:59:40:104:Infinity":1,"s:106:31:106:Infinity":2,"s:108:31:118:Infinity":3},"fnNames":{}}}
}
